[2023-10-11 21:04:52] INFO: adonixxx has joined the chat.
[2023-10-13 10:47:30] INFO: adonis has joined the chat.
[2023-10-13 10:47:42] INFO: marsel has joined the chat.
[2023-10-13 10:47:46] INFO: adonis: Hey hey
[2023-10-13 10:47:50] INFO: marsel: Heeeey
[2023-10-13 10:48:01] INFO: Server: Hey from Server
[2023-10-13 10:48:26] INFO: adonis: /exit
[2023-10-13 10:48:26] INFO: adonis has left the chat.
[2023-10-13 10:50:24] INFO: adonis has joined the chat.
[2023-10-13 10:50:28] INFO: adonis: Hey
[2023-10-13 10:52:31] INFO: adonis has joined the chat.
[2023-10-13 10:52:43] INFO: adonis: h
[2023-10-13 10:54:39] INFO: adonis has joined the chat.
[2023-10-13 10:54:49] INFO: adonis: Hey
[2023-10-13 10:57:09] adSSS has joined the chat.
[2023-10-13 10:57:11] adSSS: asdasdas
baby has joined the chat.
[2023-10-13 11:01:09] INFO: babuin has joined the chat.
[2023-10-13 11:01:22] INFO: babuin: vsem privit
[2023-10-13 11:02:15] [INFO] adoniasd has joined the chat.
[2023-10-13 11:02:23] [INFO] adoniasd: asdas
[2023-10-13 11:16:47] [INFO] adonis has joined the chat.
[2023-10-13 11:16:57] [INFO] bababe has joined the chat.
[2023-10-13 11:17:02] [INFO] bababe: hey
[2023-10-13 11:17:10] [INFO] adonis has been kicked from the chat.
[2023-10-13 11:17:20] [INFO] bababe: asd
[2023-10-13 11:17:48] [INFO] bababe: It still works for bababe
[2023-10-13 11:20:00] [INFO] adonis has joined the chat.
[2023-10-13 11:20:11] [INFO] marsel has joined the chat.
[2023-10-13 11:20:16] [INFO] marsel: heyt
[2023-10-13 11:20:23] [INFO] adonis has been kicked from the chat.
[2023-10-13 11:20:42] [INFO] marsel: asdas
[2023-10-13 11:21:23] [INFO] adonis has joined the chat.
[2023-10-13 11:21:33] [INFO] marsel has joined the chat.
[2023-10-13 11:21:39] [INFO] adonis has been kicked from the chat.
[2023-10-13 11:24:26] [INFO] adonis has joined the chat.
[2023-10-13 11:24:36] [INFO] mars has joined the chat.
[2023-10-13 11:24:42] [INFO] adonis has been kicked from the chat.
[2023-10-13 11:25:12] [INFO] mars: s
[2023-10-13 11:30:28] [INFO] adonis has joined the chat.
[2023-10-13 11:30:33] [INFO] adonis has been kicked from the chat.
[2023-10-13 11:30:57] [INFO] annton has joined the chat.
[2023-10-13 11:31:06] [INFO] Server: hey all
[2023-10-13 11:43:40] [INFO] adonis has joined the chat.
[2023-10-13 11:43:49] [INFO] Server: hhhh
[2023-10-13 11:43:55] [INFO] adonis has been kicked from the chat.
[2023-10-13 11:44:41] [INFO] adonis has joined the chat.
[2023-10-13 11:44:46] [INFO] adonis has been kicked from the chat.
[2023-10-13 11:45:00] [INFO] adonis has joined the chat.
[2023-10-13 11:45:06] [INFO] adonis has been kicked from the chat.
[2023-10-13 11:45:17] [INFO] adonis has joined the chat.
[2023-10-13 11:45:25] [INFO] Server: haha
[2023-10-13 11:45:29] [INFO] adonis: hahaahha
[2023-10-13 11:45:35] [INFO] adonis has been kicked from the chat.
[2023-10-13 12:03:35] [INFO] adonis has joined the chat.
[2023-10-13 12:03:47] [INFO] Marsel has joined the chat.
[2023-10-13 12:03:57] [INFO] Server PM to adonis: Hi bro
[2023-10-13 12:18:57] [INFO] adonis has joined the chat.
[2023-10-13 12:19:06] [INFO] Marsel has joined the chat.
[2023-10-13 12:19:18] [INFO] Server: message from server
[2023-10-13 12:19:35] [INFO] Server PM to adonis: private message to adonis
[2023-10-13 12:20:09] [INFO] Server PM to Marsel: pm Mars
[2023-10-13 12:22:28] [INFO] Adonis has joined the chat.
[2023-10-13 12:22:39] [INFO] Marsel has joined the chat.
[2023-10-13 12:23:09] [INFO] Marsel: Adonis has been kicked from the chat.
[2023-10-13 12:23:09] [INFO] Adonis: null
[2023-10-13 12:27:39] [INFO] adonis has joined the chat.
[2023-10-13 12:27:42] [INFO] adonis: hey
[2023-10-13 12:27:50] [INFO] Server: hey
[2023-10-13 12:30:40] [INFO] Adonis has joined the chat.
[2023-10-13 12:30:51] [INFO] Marsel has joined the chat.
[2023-10-13 12:31:00] [INFO] Adonis: Hey Mars!
[2023-10-13 12:31:07] [INFO] Marsel: Hey BRO!
[2023-10-13 12:31:23] [INFO] Server: Hey guys!
[2023-10-13 12:31:47] [INFO] Server PM to Adonis: This is a pm for you
[2023-10-13 12:32:20] [INFO] Server PM to Marsel: This is a pm for Marsel
[2023-10-13 12:32:31] [INFO] Adonis has been kicked from the chat.
[2023-10-13 12:32:58] [INFO] Adonis has joined the chat.
[2023-10-13 12:33:07] [INFO] Adonis: Hey all
[2023-10-13 12:33:17] [INFO] Marsel: Adonis has been kicked from the chat.
[2023-10-13 12:39:19] [INFO] Adonis has joined the chat.
[2023-10-13 12:43:00] [INFO] Adonis has joined the chat.
[2023-10-13 12:43:03] [INFO] Adonis: hehetheth
[2023-10-13 12:43:10] [INFO] Adonis has been kicked from the chat.
[2023-10-13 12:44:03] [INFO] adonis has joined the chat.
[2023-10-13 12:44:08] [INFO] adonis has been kicked from the chat.
[2023-10-13 12:44:51] [INFO] adonis has joined the chat.
[2023-10-13 12:44:57] [INFO] marsel has joined the chat.
[2023-10-13 12:45:27] [INFO] marsel: adonis has been kicked from the chat.
[2023-10-13 12:47:00] [INFO] adonis has joined the chat.
[2023-10-13 12:47:10] [INFO] marsel has joined the chat.
[2023-10-13 12:47:17] [INFO] Server: adonis has been kicked from the chat.
[2023-10-13 12:48:08] [INFO] adonis has joined the chat.
[2023-10-13 12:48:14] [INFO] Server: adonis has been kicked from the chat.
[2023-10-13 12:48:39] [INFO] abobix has joined the chat.
[2023-10-13 12:48:51] [INFO] Server: hey
[2023-10-13 18:37:53] [INFO] adonis has joined the chat.
[2023-10-13 18:37:58] [INFO] marsel has joined the chat.
[2023-10-13 18:38:03] [INFO] adonis: /exit
[2023-10-13 18:38:03] [INFO] adonis has left the chat.
[2023-10-13 18:38:22] [INFO] Server: marsel has been kicked from the chat.
[2023-10-13 18:38:49] [INFO] adonis has joined the chat.
[2023-10-13 18:40:57] [INFO] ad has joined the chat.
[2023-10-13 18:41:01] [INFO] Server: ad has been kicked from the chat.
[2023-10-13 18:41:38] [INFO] mm has joined the chat.
[2023-10-13 18:45:43] [INFO] ad has joined the chat.
[2023-10-13 18:45:50] [INFO] ad: 
[2023-10-13 18:45:52] [INFO] ad: 
[2023-10-13 18:45:53] [INFO] ad: 
[2023-10-13 18:45:55] [INFO] ad: 
[2023-10-13 19:09:16] [INFO] ads has joined the chat.
[2023-10-13 19:09:17] [INFO] asdas has joined the chat.
[2023-10-13 19:09:20] [INFO] asdsa has joined the chat.
[2023-10-13 19:09:23] [INFO] ads: asdasd
[2023-10-15 16:06:51] [INFO] adonis has joined the chat.
[2023-10-15 16:07:02] [INFO] MArsel has joined the chat.
[2023-10-15 16:07:07] [INFO] adonis: Hey
[2023-10-15 16:07:11] [INFO] adonis: hey
[2023-10-15 16:07:15] [INFO] MArsel: hey
[2023-10-15 16:07:23] [INFO] Server: Hey all
[2023-10-15 16:07:33] [INFO] Server: adonis has been kicked from the chat.
[2023-10-15 16:07:33] [WARNING] void handleClient - SocketException - socket closed
[2023-10-15 16:11:21] [INFO] ado has joined the chat.
[2023-10-15 16:11:29] [INFO] ado: s
[2023-10-15 16:14:38] [INFO] ad has joined the chat.
[2023-10-15 16:14:48] [INFO] sda has joined the chat.
[2023-10-15 16:18:33] [INFO] asdasd has joined the chat.
[2023-10-15 16:18:45] [INFO] asdasd: hey
[2023-10-15 16:30:14] [INFO] client1 has joined the chat.
[2023-10-15 16:30:18] [INFO] client2 has joined the chat.
[2023-10-15 16:30:33] [INFO] Server: hey all
[2023-10-15 16:30:41] [WARNING] void handleClient - SocketException - socket closed
[2023-10-15 16:30:41] [WARNING] void handleClient - SocketException - socket closed
[2023-10-15 16:34:19] [INFO] client1 has joined the chat.
[2023-10-15 16:34:29] [INFO] client2 has joined the chat.
[2023-10-15 16:34:36] [INFO] Server: hey all
[2023-10-15 16:34:51] [INFO] Server has been stopped.
[2023-10-15 16:34:51] [WARNING] void handleClient - SocketException - socket closed
[2023-10-15 16:34:51] [WARNING] void handleClient - SocketException - socket closed
[2023-10-15 16:35:36] [INFO] client1 has joined the chat.
[2023-10-15 16:35:48] [INFO] Server: client1 has been kicked from the chat.
[2023-10-15 16:35:48] [WARNING] void handleClient - SocketException - socket closed
[2023-10-15 17:18:00] [INFO] adonis has joined the chat.
[2023-10-15 17:18:05] [INFO] client has joined the chat.
[2023-10-15 17:18:10] [INFO] Server: client has been kicked from the chat.
[2023-10-15 17:18:10] [WARNING] void handleClient - SocketException - socket closed
[2023-10-15 17:18:34] [INFO] Server has been stopped.
[2023-10-15 17:18:34] [WARNING] void handleClient - SocketException - socket closed
[2023-10-17 14:52:56] [INFO] client1 has joined the chat.
[2023-10-17 14:52:59] [WARNING] void handleClient - SocketException - socket closed
[2023-10-17 14:53:04] [INFO] client1 has joined the chat.
[2023-10-17 14:53:28] [INFO] client has joined the chat.
[2023-10-17 14:53:31] [INFO] client1: asdas
[2023-10-17 14:53:33] [INFO] client: asdas
[2023-10-17 14:53:38] [INFO] client: sssss
[2023-10-17 14:54:05] [INFO] client has joined the chat.
[2023-10-17 14:54:12] [INFO] client2 has joined the chat.
[2023-10-17 14:54:18] [INFO] client: asd
[2023-10-17 15:04:42] [INFO] client1 has joined the chat.
[2023-10-17 15:04:44] [INFO] client1: asda
[2023-10-17 15:04:50] [INFO] client2 has joined the chat.
[2023-10-17 15:04:53] [INFO] client2: hheyhet
[2023-10-17 15:05:00] [INFO] Server: hey all
[2023-10-17 15:05:16] [INFO] Server PM to client1: hey
[2023-10-17 15:06:59] [INFO] client1 has joined the chat.
[2023-10-17 15:07:03] [INFO] client2 has joined the chat.
[2023-10-17 15:07:10] [INFO] Server PM to client1: hey
[2023-10-17 15:07:29] [INFO] Server: client1 has been kicked from the chat.
[2023-10-17 15:07:29] [WARNING] void handleClient - SocketException - socket closed
[2023-10-17 15:07:41] [INFO] client1 has joined the chat.
[2023-10-17 15:07:45] [INFO] Server has been stopped.
[2023-10-17 15:07:45] [WARNING] void handleClient - SocketException - socket closed
[2023-10-17 15:07:45] [WARNING] void handleClient - SocketException - socket closed
